Started GET "/example/index.html" for 127.0.0.1 at 2020-12-14 08:01:28 +0000
  [1m[35m (3.0ms)[0m  [1m[34mSELECT sqlite_version(*)[0m
Processing by ExampleController#index as HTML
  Rendering example/index.html.erb within layouts/application
[Webpacker] Compiling...
[Webpacker] Compiled all packs in /Users/davidg/Desktop/code/chapter1/rails-cypress/app/public/packs
[Webpacker] Hash: 9f9620f04d55fd6d4970
Version: webpack 4.44.2
Time: 7954ms
Built at: 12/14/2020 08:01:39
                                     Asset        Size       Chunks                         Chunk Names
    js/application-c229f7c7014cf8c8d494.js     124 KiB  application  [emitted] [immutable]  application
js/application-c229f7c7014cf8c8d494.js.map     139 KiB  application  [emitted] [dev]        application
        js/counter-5e5157d329cce1d80d3a.js    1.06 MiB      counter  [emitted] [immutable]  counter
    js/counter-5e5157d329cce1d80d3a.js.map    1.23 MiB      counter  [emitted] [dev]        counter
    js/hello_react-a4679aefcde47572ffa0.js     1.1 MiB  hello_react  [emitted] [immutable]  hello_react
js/hello_react-a4679aefcde47572ffa0.js.map    1.27 MiB  hello_react  [emitted] [dev]        hello_react
                             manifest.json  1010 bytes               [emitted]              
Entrypoint application = js/application-c229f7c7014cf8c8d494.js js/application-c229f7c7014cf8c8d494.js.map
Entrypoint counter = js/counter-5e5157d329cce1d80d3a.js js/counter-5e5157d329cce1d80d3a.js.map
Entrypoint hello_react = js/hello_react-a4679aefcde47572ffa0.js js/hello_react-a4679aefcde47572ffa0.js.map
[./app/javascript/channels sync recursive _channel\.js$] ./app/javascript/channels sync _channel\.js$ 160 bytes {application} [built]
[./app/javascript/channels/index.js] 211 bytes {application} [built]
[./app/javascript/packs/application.js] 749 bytes {application} [built]
[./app/javascript/packs/counter.jsx] 2.68 KiB {counter} [built]
[./app/javascript/packs/hello_react.jsx] 1.08 KiB {hello_react} [built]
[./node_modules/webpack/buildin/module.js] (webpack)/buildin/module.js 552 bytes {application} [built]
    + 18 hidden modules

  Rendered example/index.html.erb within layouts/application (Duration: 11064.3ms | Allocations: 4002)
[Webpacker] Everything's up-to-date. Nothing to do
Completed 200 OK in 11178ms (Views: 11167.3ms | ActiveRecord: 0.0ms | Allocations: 23291)


Started GET "/example/index.html" for 127.0.0.1 at 2020-12-14 09:50:09 +0000
  [1m[35m (1.3ms)[0m  [1m[34mSELECT sqlite_version(*)[0m
Processing by ExampleController#index as HTML
  Rendering example/index.html.erb within layouts/application
[Webpacker] Everything's up-to-date. Nothing to do
  Rendered example/index.html.erb within layouts/application (Duration: 14.2ms | Allocations: 2438)
[Webpacker] Everything's up-to-date. Nothing to do
Completed 200 OK in 51ms (Views: 42.9ms | ActiveRecord: 0.0ms | Allocations: 9607)


Started GET "/example/index.html" for 127.0.0.1 at 2020-12-14 11:32:26 +0000
  [1m[35m (1.6ms)[0m  [1m[34mSELECT sqlite_version(*)[0m
Processing by ExampleController#index as HTML
  Rendering example/index.html.erb within layouts/application
[Webpacker] Everything's up-to-date. Nothing to do
  Rendered example/index.html.erb within layouts/application (Duration: 11.6ms | Allocations: 2438)
[Webpacker] Everything's up-to-date. Nothing to do
Completed 200 OK in 49ms (Views: 38.8ms | ActiveRecord: 0.0ms | Allocations: 9607)


